\BOOKMARK [0][]{chapter*.1}{Ringraziamenti}{}% 1
\BOOKMARK [0][]{chapter.1}{Introduzione}{}% 2
\BOOKMARK [0][]{chapter.2}{Generazione procedurale di contenuti}{}% 3
\BOOKMARK [1][]{section.2.1}{Procedural Content Generation}{chapter.2}% 4
\BOOKMARK [1][]{section.2.2}{Tassonomia}{chapter.2}% 5
\BOOKMARK [2][]{subsection.2.2.1}{Search Based Procedural Content Generation}{section.2.2}% 6
\BOOKMARK [1][]{section.2.3}{PCG negli shooter}{chapter.2}% 7
\BOOKMARK [2][]{subsection.2.3.1}{Generazione di mappe per FPS}{section.2.3}% 8
\BOOKMARK [2][]{subsection.2.3.2}{Generazione di armi per FPS}{section.2.3}% 9
\BOOKMARK [1][]{section.2.4}{Sommario}{chapter.2}% 10
\BOOKMARK [0][]{chapter.3}{Generazione automatica di armi bilanciate}{}% 11
\BOOKMARK [1][]{section.3.1}{Obiettivi}{chapter.3}% 12
\BOOKMARK [1][]{section.3.2}{Unreal Tournament III}{chapter.3}% 13
\BOOKMARK [1][]{section.3.3}{Ambiente simulativo}{chapter.3}% 14
\BOOKMARK [2][]{subsection.3.3.1}{Parametrizzazione delle armi}{section.3.3}% 15
\BOOKMARK [2][]{subsection.3.3.2}{Simulazione delle partite}{section.3.3}% 16
\BOOKMARK [2][]{subsection.3.3.3}{Velocit\340 e durata delle simulazioni}{section.3.3}% 17
\BOOKMARK [1][]{section.3.4}{Sommario}{chapter.3}% 18
\BOOKMARK [0][]{chapter.4}{Generazione libera di armi bilanciate}{}% 19
\BOOKMARK [1][]{section.4.1}{Design Sperimentale}{chapter.4}% 20
\BOOKMARK [2][]{subsection.4.1.1}{Algoritmo e Parametri Sperimentali}{section.4.1}% 21
\BOOKMARK [2][]{subsection.4.1.2}{Funzione di Fitness}{section.4.1}% 22
\BOOKMARK [1][]{section.4.2}{Risultati}{chapter.4}% 23
\BOOKMARK [2][]{subsection.4.2.1}{Analisi delle Prestazioni}{section.4.2}% 24
\BOOKMARK [2][]{subsection.4.2.2}{Analisi delle soluzioni}{section.4.2}% 25
\BOOKMARK [2][]{subsection.4.2.3}{Esempi significativi}{section.4.2}% 26
\BOOKMARK [1][]{section.4.3}{Validazione}{chapter.4}% 27
\BOOKMARK [1][]{section.4.4}{Sommario}{chapter.4}% 28
\BOOKMARK [0][]{chapter.5}{Bilanciamento automatico di un'arma obiettivo}{}% 29
\BOOKMARK [1][]{section.5.1}{Design Sperimentale}{chapter.5}% 30
\BOOKMARK [2][]{subsection.5.1.1}{Algoritmo e Parametri Sperimentali}{section.5.1}% 31
\BOOKMARK [2][]{subsection.5.1.2}{Funzione di Fitness}{section.5.1}% 32
\BOOKMARK [2][]{subsection.5.1.3}{Armi scelte per l'esperimento}{section.5.1}% 33
\BOOKMARK [1][]{section.5.2}{Risultati}{chapter.5}% 34
\BOOKMARK [2][]{subsection.5.2.1}{Analisi delle prestazioni}{section.5.2}% 35
\BOOKMARK [2][]{subsection.5.2.2}{Analisi delle soluzioni}{section.5.2}% 36
\BOOKMARK [2][]{subsection.5.2.3}{Esempi significativi}{section.5.2}% 37
\BOOKMARK [1][]{section.5.3}{Validazione}{chapter.5}% 38
\BOOKMARK [1][]{section.5.4}{Sommario}{chapter.5}% 39
\BOOKMARK [0][]{chapter.6}{Generazione di armi bilanciate con vincoli}{}% 40
\BOOKMARK [1][]{section.6.1}{Design Sperimentale}{chapter.6}% 41
\BOOKMARK [2][]{subsection.6.1.1}{Algoritmo e Parametri Sperimentali}{section.6.1}% 42
\BOOKMARK [2][]{subsection.6.1.2}{Funzione di Fitness}{section.6.1}% 43
\BOOKMARK [1][]{section.6.2}{Massimizzazione distanza media e Kill Streak}{chapter.6}% 44
\BOOKMARK [2][]{subsection.6.2.1}{Analisi delle prestazioni}{section.6.2}% 45
\BOOKMARK [2][]{subsection.6.2.2}{Analisi delle soluzioni}{section.6.2}% 46
\BOOKMARK [2][]{subsection.6.2.3}{Esempi significativi}{section.6.2}% 47
\BOOKMARK [1][]{section.6.3}{Massimizzazione Hit time e Kill Streak}{chapter.6}% 48
\BOOKMARK [2][]{subsection.6.3.1}{Analisi delle prestazioni}{section.6.3}% 49
\BOOKMARK [2][]{subsection.6.3.2}{Analisi delle soluzioni}{section.6.3}% 50
\BOOKMARK [2][]{subsection.6.3.3}{Esempi significativi}{section.6.3}% 51
\BOOKMARK [1][]{section.6.4}{Massimizzazione Hit time e distanza media}{chapter.6}% 52
\BOOKMARK [2][]{subsection.6.4.1}{Analisi delle prestazioni}{section.6.4}% 53
\BOOKMARK [2][]{subsection.6.4.2}{Analisi delle soluzioni}{section.6.4}% 54
\BOOKMARK [2][]{subsection.6.4.3}{Esempi significativi}{section.6.4}% 55
\BOOKMARK [1][]{section.6.5}{Validazione}{chapter.6}% 56
\BOOKMARK [2][]{subsection.6.5.1}{Validazione primo esperimento}{section.6.5}% 57
\BOOKMARK [2][]{subsection.6.5.2}{Validazione secondo esperimento}{section.6.5}% 58
\BOOKMARK [2][]{subsection.6.5.3}{Validazione terzo esperimento}{section.6.5}% 59
\BOOKMARK [1][]{section.6.6}{Sommario}{chapter.6}% 60
\BOOKMARK [0][]{chapter.7}{Conclusioni e sviluppi futuri}{}% 61
\BOOKMARK [1][]{section.7.1}{Conclusioni}{chapter.7}% 62
\BOOKMARK [1][]{section.7.2}{Validazione bilanciamento}{chapter.7}% 63
\BOOKMARK [1][]{section.7.3}{Sviluppi Futuri}{chapter.7}% 64
\BOOKMARK [0][]{section*.93}{Bibliografia}{}% 65
